{
  "0 debug pnpm:scope": {
    "selected": 1,
    "workspacePrefix": "/Users/isaacweber/Code/turbodev"
  },
  "1 warn pnpm": {
    "message": "Unsupported engine: wanted: {\"node\":\">=18\"} (current: {\"node\":\"v14.17.0\",\"pnpm\":\"6.32.3\"})",
    "prefix": "/Users/isaacweber/Code/turbodev"
  },
  "2 error pnpm": {
    "errno": 1,
    "code": "ELIFECYCLE",
    "pkgid": "@turbodev@",
    "stage": "dev",
    "script": "turbo dev",
    "pkgname": "@turbodev",
    "err": {
      "name": "pnpm",
      "message": "@turbodev@ dev: `turbo dev`\nExit status 1",
      "code": "ELIFECYCLE",
      "stack": "pnpm: @turbodev@ dev: `turbo dev`\nExit status 1\n    at EventEmitter.<anonymous> (/snapshot/dist/pnpm.cjs)\n    at EventEmitter.emit (events.js:376:20)\n    at ChildProcess.<anonymous> (/snapshot/dist/pnpm.cjs)\n    at ChildProcess.emit (events.js:376:20)\n    at maybeClose (internal/child_process.js:1055:16)\n    at Process.ChildProcess._handle.onexit (internal/child_process.js:288:5)"
    }
  },
  "3 warn pnpm:global": " Local package.json exists, but node_modules missing, did you mean to install?"
}